\BOOKMARK [1][-]{section.1}{Introducci\363n}{}% 1
\BOOKMARK [1][-]{section.2}{Planificaci\363n}{}% 2
\BOOKMARK [2][-]{subsection.2.1}{User Story 1}{section.2}% 3
\BOOKMARK [3][-]{subsubsection.2.1.1}{Descripci\363n}{subsection.2.1}% 4
\BOOKMARK [3][-]{subsubsection.2.1.2}{Criterio de aceptaci\363n}{subsection.2.1}% 5
\BOOKMARK [3][-]{subsubsection.2.1.3}{Tareas}{subsection.2.1}% 6
\BOOKMARK [3][-]{subsubsection.2.1.4}{Dimensiones}{subsection.2.1}% 7
\BOOKMARK [2][-]{subsection.2.2}{User Story 2}{section.2}% 8
\BOOKMARK [3][-]{subsubsection.2.2.1}{Descripci\363n}{subsection.2.2}% 9
\BOOKMARK [3][-]{subsubsection.2.2.2}{Criterio de aceptaci\363n}{subsection.2.2}% 10
\BOOKMARK [3][-]{subsubsection.2.2.3}{Tareas}{subsection.2.2}% 11
\BOOKMARK [3][-]{subsubsection.2.2.4}{Dimensiones}{subsection.2.2}% 12
\BOOKMARK [2][-]{subsection.2.3}{User Story 3}{section.2}% 13
\BOOKMARK [3][-]{subsubsection.2.3.1}{Descripci\363n}{subsection.2.3}% 14
\BOOKMARK [3][-]{subsubsection.2.3.2}{Criterio de aceptaci\363n}{subsection.2.3}% 15
\BOOKMARK [3][-]{subsubsection.2.3.3}{Tareas}{subsection.2.3}% 16
\BOOKMARK [3][-]{subsubsection.2.3.4}{Dimensiones}{subsection.2.3}% 17
\BOOKMARK [1][-]{section.3}{Dise\361o}{}% 18
\BOOKMARK [2][-]{subsection.3.1}{Ingenierio Principal}{section.3}% 19
\BOOKMARK [2][-]{subsection.3.2}{Excavaci\363n de parcelas}{section.3}% 20
\BOOKMARK [3][-]{subsubsection.3.2.1}{Equipo de Excavaci\363n}{subsection.3.2}% 21
\BOOKMARK [3][-]{subsubsection.3.2.2}{Gesti\363n de RIGs}{subsection.3.2}% 22
\BOOKMARK [3][-]{subsubsection.3.2.3}{Excavaci\363n de una parcela en particular}{subsection.3.2}% 23
\BOOKMARK [2][-]{subsection.3.3}{Producci\363n}{section.3}% 24
\BOOKMARK [3][-]{subsubsection.3.3.1}{Elecci\363n de Pozos a extraer}{subsection.3.3}% 25
\BOOKMARK [3][-]{subsubsection.3.3.2}{Extracci\363n de Pozos}{subsection.3.3}% 26
\BOOKMARK [3][-]{subsubsection.3.3.3}{Construcci\363n}{subsection.3.3}% 27
\BOOKMARK [4][-]{paragraph.3.3.3.1}{Agenda de Construcci\363n}{subsubsection.3.3.3}% 28
\BOOKMARK [4][-]{paragraph.3.3.3.2}{Comienzo y Seguimiento de Construcci\363n}{subsubsection.3.3.3}% 29
\BOOKMARK [4][-]{paragraph.3.3.3.3}{Integraci\363n de nueva infraestructura de Producci\363n al circuito productivo}{subsubsection.3.3.3}% 30
\BOOKMARK [3][-]{subsubsection.3.3.4}{Actualizaci\363n de Medidores de Presi\363n}{subsection.3.3}% 31
\BOOKMARK [2][-]{subsection.3.4}{Reinyecci\363n}{section.3}% 32
\BOOKMARK [3][-]{subsubsection.3.4.1}{Descripci\363n}{subsection.3.4}% 33
\BOOKMARK [3][-]{subsubsection.3.4.2}{Conocimiento del material disponible y inyecci\363n del mismo en los pozos}{subsection.3.4}% 34
\BOOKMARK [3][-]{subsubsection.3.4.3}{Venta de Gas}{subsection.3.4}% 35
\BOOKMARK [3][-]{subsubsection.3.4.4}{Compra de agua}{subsection.3.4}% 36
\BOOKMARK [3][-]{subsubsection.3.4.5}{Diagramas de secuencias}{subsection.3.4}% 37
\BOOKMARK [2][-]{subsection.3.5}{Anexos}{section.3}% 38
\BOOKMARK [3][-]{subsubsection.3.5.1}{Notas sobre diagramas}{subsection.3.5}% 39
